SF:lib/calendar_activities.dart
DA:9,1
DA:11,1
DA:12,1
DA:25,1
DA:27,1
DA:29,2
DA:30,4
DA:33,1
DA:35,2
DA:36,1
DA:39,1
DA:41,3
DA:44,0
DA:46,0
DA:48,0
DA:49,0
DA:53,1
DA:54,2
DA:55,2
DA:56,1
DA:57,1
DA:58,1
DA:59,1
DA:60,1
DA:63,3
DA:67,1
DA:69,1
DA:70,1
DA:71,2
DA:72,1
DA:74,1
DA:75,1
DA:76,1
DA:77,0
DA:78,0
DA:80,1
DA:83,1
DA:90,1
DA:94,1
DA:96,3
DA:97,1
DA:98,1
DA:99,1
DA:100,1
DA:101,1
DA:102,1
DA:103,1
DA:104,1
DA:106,1
DA:107,0
DA:108,0
DA:109,0
DA:110,0
DA:114,0
DA:115,0
DA:131,1
DA:132,1
DA:133,1
DA:134,1
DA:135,1
DA:136,1
DA:137,1
DA:138,1
DA:143,1
DA:144,1
DA:145,1
DA:147,1
DA:148,0
DA:149,3
DA:157,1
DA:161,0
DA:162,0
LF:72
LH:57
end_of_record
SF:lib/main.dart
DA:7,0
DA:8,0
DA:12,2
DA:14,1
DA:15,1
DA:17,1
DA:18,1
DA:24,1
DA:25,2
DA:26,1
DA:30,1
DA:32,1
DA:33,1
DA:37,1
DA:38,1
DA:41,1
LF:16
LH:14
end_of_record
SF:lib/plan_selector_view.dart
DA:15,1
DA:17,1
DA:19,1
DA:21,1
DA:23,1
DA:28,1
DA:30,1
DA:32,1
DA:34,1
DA:36,1
DA:43,1
DA:45,1
DA:47,0
DA:49,0
DA:54,1
DA:56,1
DA:57,1
DA:63,0
DA:64,0
DA:65,0
DA:66,0
DA:76,1
DA:80,1
DA:81,1
DA:85,1
DA:87,1
DA:88,1
DA:89,2
DA:90,1
DA:92,1
DA:93,1
DA:94,1
DA:95,0
DA:96,0
DA:102,1
DA:103,1
DA:105,1
DA:107,1
DA:108,4
DA:109,1
DA:111,1
DA:112,1
DA:113,2
DA:115,2
DA:119,1
DA:120,1
DA:121,2
DA:123,2
DA:127,1
DA:131,1
DA:132,1
DA:133,1
DA:135,1
DA:136,1
DA:138,1
DA:139,1
DA:145,1
DA:148,2
DA:149,3
DA:150,1
DA:151,1
DA:152,1
DA:153,1
DA:154,1
DA:155,1
DA:156,2
DA:157,1
DA:158,3
DA:159,1
DA:160,1
DA:169,0
DA:170,0
DA:171,0
DA:172,0
DA:176,1
DA:177,1
DA:178,1
DA:179,3
DA:183,1
DA:184,1
DA:185,1
DA:186,3
LF:82
LH:70
end_of_record
SF:lib/UI/colors.dart
DA:13,2
DA:18,2
DA:22,2
LF:3
LH:3
end_of_record
SF:lib/UI/components.dart
DA:11,1
DA:12,1
DA:14,1
DA:15,1
DA:25,1
DA:26,1
DA:28,1
DA:31,1
DA:33,1
DA:34,1
DA:35,1
DA:43,1
DA:44,1
DA:46,1
DA:49,1
DA:51,1
DA:52,1
DA:53,1
DA:61,1
DA:65,2
DA:66,1
DA:67,1
DA:68,0
DA:69,0
DA:71,0
DA:74,1
DA:78,1
DA:79,1
DA:81,1
DA:85,1
DA:86,1
DA:87,1
DA:88,1
DA:90,3
DA:93,1
DA:97,1
DA:98,1
DA:100,1
DA:104,1
DA:105,1
DA:106,0
DA:107,0
DA:109,0
DA:112,1
DA:116,1
DA:117,1
DA:119,1
DA:123,1
DA:124,1
DA:125,1
DA:126,1
DA:127,1
DA:129,3
DA:132,1
DA:133,1
DA:136,1
DA:137,1
DA:141,1
LF:58
LH:52
end_of_record
SF:lib/profile_view.dart
DA:11,1
DA:13,1
DA:14,1
DA:18,1
DA:20,1
DA:21,1
DA:22,2
DA:23,1
DA:25,1
DA:26,1
DA:27,1
DA:28,0
DA:29,0
DA:35,1
DA:36,1
DA:39,1
DA:41,1
DA:42,1
DA:43,1
DA:46,2
DA:48,1
DA:49,1
DA:50,1
DA:51,2
DA:52,1
DA:53,1
DA:54,1
DA:56,1
DA:60,2
DA:62,1
DA:63,1
DA:64,1
DA:65,1
DA:66,1
DA:68,1
DA:69,1
DA:70,1
DA:72,1
DA:76,2
DA:78,1
DA:79,1
DA:81,1
DA:82,1
DA:85,1
DA:86,1
DA:92,1
DA:93,1
DA:95,1
DA:96,1
DA:99,1
DA:100,1
DA:106,1
DA:109,1
DA:110,1
DA:112,1
DA:113,1
DA:114,1
DA:118,1
DA:122,0
DA:123,0
DA:124,0
DA:125,0
LF:62
LH:56
end_of_record
SF:lib/utils.dart
DA:13,1
DA:15,1
DA:16,1
DA:22,3
DA:25,2
DA:27,5
DA:28,7
DA:29,2
DA:30,6
DA:31,2
DA:32,2
DA:33,1
DA:34,1
DA:38,1
DA:39,7
DA:43,0
DA:44,0
DA:45,0
DA:47,0
DA:51,3
DA:52,10
DA:53,10
LF:22
LH:18
end_of_record
SF:lib/current_session_view.dart
DA:11,1
DA:13,1
DA:14,1
DA:30,1
DA:32,1
DA:33,1
DA:34,2
DA:35,1
DA:37,1
DA:38,1
DA:39,1
DA:40,1
DA:41,1
DA:43,1
DA:46,1
DA:53,1
DA:54,1
DA:57,1
DA:59,1
DA:60,3
DA:61,1
DA:64,1
DA:66,1
DA:67,1
DA:73,1
DA:75,1
DA:76,1
DA:77,1
DA:88,1
DA:89,1
DA:102,2
DA:103,2
DA:107,1
DA:116,1
DA:117,1
DA:118,1
DA:120,1
DA:121,1
DA:122,1
DA:133,1
DA:134,1
DA:147,1
DA:148,1
DA:149,1
DA:150,1
DA:152,1
DA:153,1
DA:155,2
DA:156,1
DA:158,1
DA:162,1
DA:163,1
DA:164,0
DA:169,1
DA:173,1
DA:174,3
DA:177,0
DA:179,0
DA:180,0
DA:181,0
DA:182,0
DA:185,0
DA:186,0
DA:187,0
DA:188,0
DA:202,0
DA:203,0
DA:204,0
DA:205,0
DA:206,0
DA:207,0
DA:211,1
DA:212,1
DA:215,1
DA:216,3
DA:218,3
DA:219,4
DA:220,4
DA:221,1
DA:224,1
DA:225,2
DA:228,1
DA:229,2
DA:232,1
DA:233,2
DA:236,1
DA:237,1
DA:238,1
DA:239,1
DA:240,3
DA:241,2
DA:242,3
DA:243,1
DA:244,0
DA:247,2
DA:248,2
DA:249,1
DA:252,1
DA:253,2
DA:254,2
DA:255,2
DA:258,1
DA:259,2
DA:260,1
DA:261,1
DA:262,2
DA:263,1
DA:266,1
DA:270,0
DA:271,0
DA:272,0
DA:273,0
DA:275,0
DA:278,1
DA:279,2
DA:280,0
DA:281,0
DA:282,0
DA:283,0
DA:284,0
DA:286,0
DA:287,0
DA:292,1
DA:293,4
DA:296,1
DA:297,4
LF:126
LH:97
end_of_record
SF:lib/language_selector_view.dart
DA:9,1
DA:10,1
DA:14,1
DA:16,1
DA:17,1
DA:18,2
DA:19,1
DA:20,1
DA:22,2
DA:29,2
DA:30,1
DA:33,1
DA:34,0
DA:40,1
DA:41,3
DA:42,1
DA:44,3
LF:17
LH:16
end_of_record
SF:lib/login_view.dart
DA:8,1
DA:10,1
DA:11,1
DA:15,1
DA:17,1
DA:18,1
DA:19,2
DA:20,1
DA:21,1
DA:24,2
DA:26,1
DA:27,2
DA:28,1
DA:30,1
DA:32,1
DA:33,1
DA:43,1
DA:44,2
DA:45,1
DA:47,1
DA:49,1
DA:50,1
DA:61,1
DA:62,2
DA:63,1
DA:69,1
DA:70,1
DA:71,1
DA:72,3
LF:29
LH:29
end_of_record
SF:lib/schedule_deportologo.dart
DA:8,1
DA:10,1
DA:11,1
DA:18,1
DA:20,1
DA:21,1
DA:22,2
DA:23,1
DA:25,1
DA:26,1
DA:27,1
DA:28,1
DA:29,1
DA:31,1
DA:34,1
DA:41,1
DA:42,1
DA:44,1
DA:46,1
DA:47,1
DA:48,1
DA:56,1
DA:57,1
DA:58,1
DA:60,1
DA:64,1
DA:65,1
DA:67,2
DA:68,1
DA:69,1
DA:72,1
DA:73,1
DA:82,1
DA:83,1
DA:84,1
DA:86,1
DA:90,1
DA:91,1
DA:93,2
DA:94,1
DA:95,1
DA:96,1
DA:98,1
DA:99,1
DA:103,1
DA:104,2
DA:105,1
DA:108,1
DA:112,1
DA:113,3
DA:116,1
DA:118,1
DA:119,1
DA:120,1
DA:121,1
DA:124,1
DA:125,1
DA:126,1
DA:127,1
DA:137,1
DA:138,1
DA:139,1
DA:140,1
DA:141,1
DA:142,2
DA:143,2
DA:144,2
DA:145,3
DA:150,1
DA:151,1
DA:152,1
DA:153,1
DA:154,1
DA:156,1
DA:158,1
DA:159,1
DA:161,1
DA:162,2
DA:163,1
DA:165,2
DA:168,1
DA:170,0
DA:171,0
DA:172,0
DA:174,0
LF:85
LH:81
end_of_record
SF:lib/training_plan_view.dart
DA:13,1
DA:15,1
DA:16,1
DA:20,1
DA:22,1
DA:23,1
DA:24,2
DA:25,1
DA:27,1
DA:28,1
DA:29,1
DA:30,0
DA:31,0
DA:33,1
DA:36,1
DA:41,1
DA:42,1
DA:43,1
DA:44,1
DA:46,1
DA:47,1
DA:54,1
DA:55,1
DA:57,1
DA:59,1
DA:60,2
DA:62,1
DA:63,1
DA:64,1
DA:65,1
DA:70,1
DA:71,1
DA:72,1
DA:73,1
DA:78,1
DA:82,1
DA:83,1
DA:84,1
DA:85,1
DA:87,1
DA:90,2
DA:91,2
DA:92,1
DA:93,1
DA:94,1
DA:95,1
DA:96,1
DA:97,1
DA:98,1
DA:103,0
DA:104,0
DA:105,0
DA:106,0
DA:110,0
DA:111,0
DA:112,0
DA:113,0
DA:117,1
DA:118,1
DA:119,1
DA:120,3
DA:124,0
DA:125,0
DA:128,1
DA:129,1
DA:130,1
DA:131,3
LF:67
LH:55
end_of_record
SF:lib/training_exercises_view.dart
DA:12,1
DA:14,1
DA:15,1
DA:26,1
DA:28,1
DA:29,1
DA:30,2
DA:31,1
DA:33,1
DA:34,1
DA:35,1
DA:36,0
DA:37,0
DA:39,1
DA:42,1
DA:49,1
DA:50,1
DA:52,1
DA:53,1
DA:55,1
DA:56,2
DA:62,1
DA:64,1
DA:65,1
DA:75,2
DA:77,1
DA:78,1
DA:79,1
DA:80,1
DA:85,1
DA:86,1
DA:87,1
DA:88,1
DA:93,1
DA:94,1
DA:95,1
DA:96,1
DA:101,1
DA:102,1
DA:103,1
DA:104,1
DA:109,1
DA:110,1
DA:111,0
DA:114,1
DA:118,1
DA:119,1
DA:120,0
DA:121,1
DA:124,2
DA:125,2
DA:127,1
DA:128,2
DA:129,2
DA:131,2
DA:133,2
DA:135,1
DA:138,1
DA:139,1
DA:140,0
DA:141,0
DA:142,0
DA:147,4
DA:148,1
DA:150,1
DA:151,0
DA:152,0
DA:161,0
DA:162,0
DA:165,0
DA:166,0
DA:167,0
DA:168,0
DA:172,0
DA:173,0
DA:174,0
DA:175,0
DA:176,0
DA:179,0
DA:180,0
DA:181,0
DA:182,0
LF:82
LH:58
end_of_record
