SF:lib/calendar_activities.dart
DA:11,1
DA:13,1
DA:14,1
DA:28,1
DA:30,1
DA:31,2
DA:32,4
DA:35,1
DA:37,2
DA:38,1
DA:41,1
DA:42,1
DA:43,3
DA:44,1
DA:46,1
DA:47,3
DA:48,3
DA:49,3
DA:50,0
DA:53,0
DA:56,1
DA:57,1
DA:58,1
DA:59,0
DA:62,0
DA:63,0
DA:64,0
DA:65,0
DA:66,0
DA:69,0
DA:70,0
DA:73,2
DA:74,0
DA:76,0
DA:77,0
DA:78,0
DA:79,0
DA:80,0
DA:81,0
DA:84,0
DA:90,0
DA:94,0
DA:95,0
DA:96,0
DA:97,0
DA:100,0
DA:101,0
DA:102,0
DA:103,0
DA:107,1
DA:108,2
DA:109,2
DA:110,1
DA:111,1
DA:112,1
DA:113,1
DA:114,1
DA:117,3
DA:121,1
DA:123,1
DA:124,1
DA:125,2
DA:126,1
DA:128,1
DA:129,1
DA:130,1
DA:131,0
DA:132,0
DA:134,1
DA:137,1
DA:142,1
DA:143,2
DA:144,1
DA:145,1
DA:146,0
DA:147,0
DA:149,1
DA:152,1
DA:155,1
DA:158,1
DA:164,3
DA:165,1
DA:166,1
DA:167,1
DA:168,1
DA:169,1
DA:170,1
DA:171,1
DA:172,1
DA:174,1
DA:175,0
DA:176,0
DA:177,0
DA:178,0
DA:182,0
DA:183,0
DA:199,1
DA:200,1
DA:201,1
DA:202,1
DA:203,1
DA:204,1
DA:205,0
DA:206,0
DA:211,0
DA:212,0
DA:213,0
DA:215,0
DA:216,0
DA:217,0
DA:225,1
DA:229,0
DA:230,0
DA:231,0
DA:232,0
DA:236,0
DA:237,0
DA:238,0
DA:240,0
DA:241,0
DA:242,0
LF:121
LH:66
end_of_record
SF:lib/constants.dart
DA:4,6
LF:1
LH:1
end_of_record
SF:lib/datamanager.dart
DA:20,6
DA:27,1
DA:28,1
DA:39,2
DA:40,2
DA:43,2
DA:47,0
DA:48,0
DA:51,0
DA:52,0
DA:55,1
DA:56,1
DA:57,4
DA:59,1
DA:60,1
DA:61,1
DA:62,1
DA:63,1
DA:64,1
DA:65,1
DA:66,2
DA:67,0
DA:71,1
DA:72,1
DA:73,3
DA:74,1
DA:78,1
DA:79,1
DA:80,3
DA:81,1
DA:85,1
DA:86,1
DA:87,3
DA:88,1
DA:92,0
DA:93,0
DA:94,0
DA:95,0
DA:96,0
DA:100,1
DA:101,1
DA:102,2
DA:105,1
DA:106,3
DA:107,2
DA:108,2
DA:112,1
DA:113,1
DA:114,2
DA:115,0
DA:119,1
DA:120,3
DA:121,1
DA:122,3
DA:123,2
DA:125,0
DA:128,1
DA:129,1
DA:130,3
DA:132,2
DA:136,1
DA:137,1
DA:138,2
DA:139,4
DA:140,0
DA:141,0
DA:145,1
DA:146,1
DA:147,2
DA:148,2
DA:149,2
DA:150,2
DA:153,1
DA:154,1
DA:155,3
DA:156,1
DA:157,2
DA:158,2
DA:159,2
DA:160,2
DA:164,1
DA:165,1
DA:166,4
DA:167,2
DA:168,2
DA:169,1
DA:170,3
DA:171,1
DA:172,3
DA:174,4
DA:175,1
DA:177,4
DA:178,1
DA:181,1
DA:182,3
DA:183,2
DA:184,4
DA:185,1
DA:188,1
DA:189,4
DA:192,1
DA:193,1
LF:102
LH:88
end_of_record
SF:lib/heart_monitoring.dart
DA:14,1
DA:16,1
DA:17,1
DA:30,1
DA:32,1
DA:33,1
DA:36,1
DA:38,1
DA:39,1
DA:40,2
DA:41,1
DA:43,1
DA:44,1
DA:45,1
DA:46,0
DA:47,0
DA:49,1
DA:52,1
DA:59,1
DA:60,1
DA:62,1
DA:64,1
DA:65,1
DA:66,0
DA:67,0
DA:69,1
DA:71,1
DA:72,2
DA:73,1
DA:76,2
DA:77,1
DA:79,1
DA:81,2
DA:84,1
DA:85,2
DA:86,1
DA:87,1
DA:88,1
DA:89,1
DA:90,1
DA:93,1
DA:94,3
DA:103,1
DA:105,1
DA:106,1
DA:107,1
DA:108,3
DA:109,1
DA:111,1
DA:112,1
DA:113,2
DA:114,0
DA:116,1
DA:117,3
DA:118,0
DA:119,1
DA:121,1
DA:125,0
DA:126,0
DA:127,0
DA:128,0
DA:131,0
DA:132,0
DA:135,1
DA:136,2
DA:137,1
DA:138,1
DA:139,1
DA:141,1
DA:144,0
DA:145,0
DA:146,0
DA:147,0
DA:148,0
DA:152,1
DA:153,3
DA:154,1
DA:155,4
DA:156,1
DA:157,1
DA:158,2
DA:159,3
DA:164,0
DA:169,0
DA:170,0
DA:171,0
LF:86
LH:65
end_of_record
SF:lib/main.dart
DA:9,0
DA:10,0
DA:16,1
DA:18,1
DA:20,3
DA:21,1
DA:24,1
DA:25,1
DA:31,1
DA:35,1
DA:38,1
DA:39,2
DA:40,1
DA:44,1
DA:46,1
DA:47,1
DA:51,1
DA:52,1
DA:55,1
LF:19
LH:17
end_of_record
SF:lib/plan_selector_view.dart
DA:18,1
DA:20,1
DA:22,1
DA:24,1
DA:26,1
DA:31,1
DA:33,1
DA:35,1
DA:37,1
DA:39,1
DA:46,1
DA:48,1
DA:50,0
DA:52,0
DA:57,1
DA:59,1
DA:60,1
DA:66,0
DA:67,0
DA:68,0
DA:69,0
DA:79,1
DA:83,1
DA:84,1
DA:88,1
DA:90,1
DA:91,1
DA:92,2
DA:93,1
DA:95,1
DA:96,1
DA:97,1
DA:98,0
DA:99,0
DA:105,1
DA:106,1
DA:108,1
DA:109,1
DA:111,1
DA:112,4
DA:113,1
DA:115,1
DA:116,1
DA:117,2
DA:119,2
DA:123,1
DA:124,1
DA:125,2
DA:127,2
DA:131,1
DA:132,2
DA:137,1
DA:141,1
DA:142,1
DA:143,1
DA:145,1
DA:146,1
DA:148,1
DA:149,1
DA:151,1
DA:152,1
DA:158,1
DA:159,1
DA:160,1
DA:162,1
DA:163,1
DA:164,1
DA:165,1
DA:173,2
DA:174,3
DA:175,1
DA:176,1
DA:177,1
DA:178,1
DA:179,1
DA:180,1
DA:181,2
DA:182,1
DA:183,3
DA:184,1
DA:185,1
DA:194,1
DA:195,2
DA:198,0
DA:199,0
DA:200,0
DA:201,0
DA:205,1
DA:206,1
DA:207,1
DA:208,3
DA:212,1
DA:213,1
DA:214,1
DA:215,3
DA:219,1
DA:220,1
DA:221,1
DA:222,3
LF:99
LH:87
end_of_record
SF:lib/services/models/deportista_api_model.dart
DA:11,2
DA:22,1
DA:23,1
DA:24,2
DA:25,1
DA:26,1
DA:27,1
DA:29,2
DA:30,1
DA:31,1
DA:32,1
DA:33,1
DA:36,2
DA:37,1
DA:38,1
DA:39,1
DA:40,1
DA:41,1
DA:42,1
DA:43,1
DA:44,1
LF:21
LH:21
end_of_record
SF:lib/services/models/entrenamiento_api_model.dart
DA:9,2
DA:18,1
DA:19,1
DA:20,1
DA:21,0
DA:22,1
DA:23,4
DA:24,1
DA:25,1
DA:26,1
DA:27,1
DA:28,1
DA:31,2
DA:32,1
DA:33,1
DA:34,0
DA:35,1
DA:36,1
DA:37,1
DA:38,1
DA:39,1
DA:50,2
DA:58,2
DA:59,1
DA:60,1
DA:61,1
DA:62,1
DA:63,1
DA:66,2
DA:67,1
DA:68,1
DA:69,1
DA:70,1
DA:71,1
LF:34
LH:32
end_of_record
SF:lib/services/models/entrenamiento_completado_api_model.dart
DA:4,2
DA:8,1
DA:9,1
DA:10,1
DA:13,2
DA:14,1
DA:21,1
DA:25,1
DA:26,1
DA:27,1
DA:30,0
DA:31,0
LF:12
LH:10
end_of_record
SF:lib/services/models/eventos_api_model.dart
DA:9,2
DA:18,1
DA:19,1
DA:20,1
DA:21,3
DA:22,1
DA:23,1
DA:24,1
DA:25,1
DA:28,2
DA:29,1
DA:30,1
DA:31,1
DA:32,1
DA:33,1
DA:34,1
DA:48,2
DA:59,2
DA:60,1
DA:61,1
DA:62,1
DA:63,1
DA:64,1
DA:65,1
DA:66,1
DA:67,1
DA:70,2
DA:71,1
DA:72,1
DA:73,1
DA:74,1
DA:75,1
DA:76,1
DA:77,1
DA:78,1
LF:35
LH:35
end_of_record
SF:lib/services/models/exercises_api_model.dart
DA:7,2
DA:14,1
DA:15,1
DA:16,1
DA:17,1
DA:18,1
DA:19,1
DA:22,2
DA:23,1
DA:24,1
DA:25,1
DA:26,1
LF:12
LH:12
end_of_record
SF:lib/services/models/simulator_api_model.dart
DA:10,2
DA:20,1
DA:21,1
DA:22,1
DA:23,1
DA:24,1
DA:25,1
DA:26,1
DA:27,1
DA:28,1
DA:31,2
DA:32,1
DA:33,1
DA:34,1
DA:35,1
DA:36,1
DA:37,1
DA:38,1
LF:18
LH:18
end_of_record
SF:lib/services/models/strava_activity_api_model.dart
DA:47,1
DA:94,1
DA:95,1
DA:96,1
DA:98,1
DA:99,1
DA:100,1
DA:101,1
DA:102,1
DA:103,1
DA:104,1
DA:105,1
DA:106,1
DA:107,1
DA:108,1
DA:110,0
DA:111,1
DA:113,0
DA:114,1
DA:115,1
DA:116,1
DA:117,1
DA:118,1
DA:119,1
DA:120,1
DA:121,1
DA:122,1
DA:123,1
DA:124,1
DA:125,1
DA:126,1
DA:127,1
DA:128,1
DA:129,1
DA:130,1
DA:131,1
DA:132,1
DA:133,1
DA:134,0
DA:135,1
DA:136,1
DA:137,0
DA:138,1
DA:139,1
DA:140,1
DA:141,1
DA:142,1
DA:143,1
DA:144,1
DA:145,1
DA:146,1
DA:147,1
DA:148,1
DA:151,2
DA:152,1
DA:153,1
DA:154,1
DA:155,1
DA:156,1
DA:157,1
DA:158,1
DA:159,1
DA:160,1
DA:161,1
DA:162,1
DA:163,1
DA:164,1
DA:165,1
DA:166,1
DA:167,1
DA:168,1
DA:169,1
DA:170,1
DA:171,1
DA:172,1
DA:173,1
DA:174,1
DA:175,1
DA:176,1
DA:177,1
DA:178,1
DA:179,1
DA:180,1
DA:181,1
DA:182,1
DA:183,1
DA:184,0
DA:185,3
DA:186,1
DA:187,0
DA:188,3
DA:189,1
DA:190,1
DA:191,1
DA:192,1
DA:193,1
DA:194,1
DA:195,1
DA:196,1
DA:197,1
DA:198,1
DA:199,1
DA:207,1
DA:212,2
DA:213,1
DA:214,1
DA:217,2
DA:218,1
DA:219,1
DA:228,1
DA:234,2
DA:235,1
DA:236,1
DA:237,1
DA:240,2
DA:241,1
DA:242,1
DA:243,1
LF:118
LH:112
end_of_record
SF:lib/services/models/strava_new_activity_api_model.dart
DA:8,2
DA:11,1
DA:12,1
DA:13,1
DA:14,1
DA:15,1
DA:16,1
DA:18,2
DA:19,1
DA:20,1
DA:21,1
DA:22,1
LF:12
LH:12
end_of_record
SF:lib/services/models/strava_token_api_model.dart
DA:9,1
DA:18,1
DA:19,1
DA:20,1
DA:21,1
DA:22,1
DA:23,1
DA:24,1
DA:26,1
DA:29,2
DA:30,1
DA:31,1
DA:32,1
DA:33,1
DA:34,1
DA:35,1
DA:61,1
DA:84,2
DA:85,1
DA:86,1
DA:87,1
DA:88,1
DA:89,1
DA:90,1
DA:91,1
DA:92,1
DA:93,1
DA:94,1
DA:95,1
DA:96,1
DA:97,1
DA:99,0
DA:100,1
DA:102,0
DA:103,1
DA:104,1
DA:105,1
DA:106,1
DA:107,1
DA:108,1
DA:111,2
DA:112,1
DA:113,1
DA:114,1
DA:115,1
DA:116,1
DA:117,1
DA:118,1
DA:119,1
DA:120,1
DA:121,1
DA:122,1
DA:123,1
DA:124,1
DA:125,1
DA:126,1
DA:127,1
DA:128,1
DA:129,1
DA:130,1
DA:131,1
LF:61
LH:59
end_of_record
SF:lib/services/strava_service.dart
DA:12,1
DA:14,2
DA:17,2
DA:21,0
DA:24,0
DA:28,1
DA:30,3
DA:32,0
DA:33,0
DA:34,0
DA:35,0
DA:36,0
DA:37,0
DA:38,0
DA:40,0
DA:41,0
DA:42,0
DA:45,0
DA:50,1
DA:51,3
DA:53,1
DA:54,4
DA:56,2
DA:57,2
DA:58,2
DA:59,2
DA:60,0
DA:64,3
DA:69,1
DA:71,1
DA:72,4
DA:74,2
DA:75,2
DA:76,2
DA:77,0
DA:78,0
DA:79,0
DA:80,0
DA:83,3
LF:39
LH:21
end_of_record
SF:lib/UI/colors.dart
DA:14,2
DA:19,2
DA:23,0
DA:25,2
LF:4
LH:3
end_of_record
SF:lib/UI/components.dart
DA:12,1
DA:13,1
DA:15,1
DA:16,1
DA:26,1
DA:27,1
DA:29,1
DA:32,1
DA:34,1
DA:35,1
DA:36,1
DA:44,1
DA:45,1
DA:47,1
DA:48,1
DA:51,1
DA:53,1
DA:54,1
DA:55,1
DA:63,1
DA:67,2
DA:68,1
DA:69,1
DA:70,0
DA:71,0
DA:73,0
DA:76,1
DA:80,1
DA:81,1
DA:83,1
DA:85,1
DA:87,1
DA:88,1
DA:89,1
DA:90,1
DA:92,3
DA:95,1
DA:99,1
DA:100,1
DA:102,1
DA:104,1
DA:106,1
DA:107,1
DA:108,1
DA:109,1
DA:111,3
DA:114,1
DA:118,1
DA:119,1
DA:121,1
DA:123,1
DA:125,1
DA:126,1
DA:127,1
DA:128,1
DA:130,3
DA:133,1
DA:134,1
DA:137,1
DA:138,1
DA:142,1
DA:144,1
LF:62
LH:59
end_of_record
SF:lib/profile_view.dart
DA:24,1
DA:26,1
DA:27,1
DA:33,1
DA:35,1
DA:36,1
DA:37,2
DA:38,1
DA:40,1
DA:41,1
DA:42,1
DA:43,0
DA:44,0
DA:49,2
DA:51,1
DA:52,0
DA:53,0
DA:55,1
DA:58,1
DA:61,1
DA:64,1
DA:65,1
DA:68,1
DA:69,1
DA:71,1
DA:72,3
DA:73,1
DA:76,3
DA:77,1
DA:79,1
DA:80,1
DA:82,5
DA:83,1
DA:85,1
DA:86,4
DA:87,1
DA:93,3
DA:94,1
DA:96,1
DA:97,1
DA:99,1
DA:100,4
DA:101,1
DA:104,1
DA:105,4
DA:106,1
DA:112,3
DA:113,1
DA:115,1
DA:116,1
DA:118,1
DA:119,4
DA:120,1
DA:123,1
DA:124,4
DA:125,1
DA:131,1
DA:132,1
DA:134,1
DA:135,4
DA:136,1
DA:139,1
DA:140,4
DA:141,1
DA:147,1
DA:150,1
DA:151,1
DA:153,1
DA:154,1
DA:155,2
DA:156,1
DA:160,1
DA:164,0
DA:165,0
DA:166,0
DA:167,0
DA:171,0
DA:172,0
DA:173,0
DA:174,0
DA:175,0
DA:176,0
LF:82
LH:68
end_of_record
SF:lib/sincronize_view.dart
DA:15,1
DA:16,1
DA:20,1
DA:22,1
DA:23,1
DA:24,2
DA:25,1
DA:27,1
DA:28,1
DA:29,1
DA:30,0
DA:31,0
DA:33,1
DA:36,1
DA:41,1
DA:44,1
DA:45,1
DA:47,1
DA:48,1
DA:51,1
DA:52,2
DA:54,1
DA:55,1
DA:56,1
DA:57,1
DA:58,1
DA:60,1
DA:63,1
DA:68,1
DA:72,0
DA:73,0
DA:74,0
DA:75,0
DA:79,1
DA:80,2
DA:81,1
DA:82,1
DA:83,1
DA:84,3
DA:87,1
DA:88,1
DA:89,3
LF:42
LH:36
end_of_record
SF:lib/animation_heart.dart
DA:7,2
DA:9,1
DA:10,1
DA:19,1
DA:21,1
DA:22,3
DA:23,2
DA:24,1
DA:28,3
DA:29,1
DA:30,1
DA:35,1
DA:36,0
DA:40,1
DA:42,1
DA:43,3
DA:44,1
DA:45,1
DA:46,3
DA:47,1
DA:48,1
DA:52,1
DA:54,2
DA:55,1
DA:58,1
DA:59,2
DA:62,1
DA:63,2
DA:66,1
DA:68,1
DA:69,1
DA:70,1
DA:71,1
DA:72,1
DA:73,4
DA:74,1
DA:75,3
DA:76,1
LF:38
LH:37
end_of_record
SF:lib/animation_monitoring.dart
DA:7,2
DA:9,1
DA:10,1
DA:19,1
DA:21,1
DA:22,3
DA:23,2
DA:24,1
DA:28,3
DA:29,1
DA:30,1
DA:35,1
DA:36,0
DA:40,1
DA:42,1
DA:43,3
DA:44,1
DA:45,1
DA:46,2
DA:47,0
DA:48,0
DA:52,1
DA:54,2
DA:55,1
DA:58,1
DA:59,2
DA:62,0
DA:63,0
DA:66,1
DA:68,1
DA:69,1
DA:70,1
DA:71,1
DA:72,1
DA:73,4
DA:74,1
DA:75,3
DA:76,1
LF:38
LH:33
end_of_record
SF:lib/login_view.dart
DA:10,1
DA:12,1
DA:13,1
DA:18,1
DA:20,1
DA:21,1
DA:22,2
DA:23,1
DA:24,1
DA:27,2
DA:29,1
DA:30,2
DA:31,1
DA:33,1
DA:35,1
DA:36,1
DA:38,1
DA:40,1
DA:48,1
DA:49,2
DA:52,1
DA:54,1
DA:55,1
DA:66,1
DA:67,1
DA:68,3
DA:69,1
DA:75,1
DA:76,3
DA:77,2
DA:78,1
DA:83,2
DA:84,1
DA:85,1
DA:86,3
LF:35
LH:35
end_of_record
SF:lib/utils.dart
DA:13,0
DA:15,0
DA:16,0
DA:22,0
DA:25,0
DA:27,0
DA:28,0
DA:29,0
DA:30,0
DA:31,0
DA:32,0
DA:33,0
DA:34,0
DA:38,0
DA:39,0
DA:43,0
DA:44,0
DA:45,0
DA:47,0
DA:51,3
DA:52,10
DA:53,10
LF:22
LH:3
end_of_record
SF:lib/current_session_view.dart
DA:18,1
DA:20,1
DA:21,1
DA:42,1
DA:44,1
DA:45,1
DA:46,2
DA:47,1
DA:49,1
DA:50,1
DA:51,1
DA:52,1
DA:53,1
DA:55,1
DA:65,1
DA:66,1
DA:69,1
DA:71,1
DA:72,1
DA:73,0
DA:74,0
DA:76,1
DA:78,3
DA:79,1
DA:82,1
DA:84,1
DA:85,1
DA:91,1
DA:93,1
DA:94,1
DA:95,1
DA:100,1
DA:101,2
DA:103,1
DA:106,1
DA:107,1
DA:112,1
DA:113,2
DA:115,1
DA:120,2
DA:121,2
DA:125,1
DA:127,1
DA:128,2
DA:131,3
DA:132,0
DA:133,1
DA:134,1
DA:135,1
DA:136,1
DA:138,1
DA:139,1
DA:140,1
DA:145,1
DA:146,2
DA:148,1
DA:151,1
DA:152,1
DA:157,1
DA:158,2
DA:160,1
DA:165,1
DA:166,1
DA:167,1
DA:168,1
DA:169,1
DA:170,1
DA:171,1
DA:172,2
DA:173,1
DA:175,2
DA:176,1
DA:177,1
DA:178,1
DA:179,1
DA:183,1
DA:184,1
DA:185,1
DA:186,1
DA:191,1
DA:195,1
DA:196,1
DA:197,3
DA:200,0
DA:202,0
DA:203,0
DA:204,0
DA:205,0
DA:206,0
DA:207,0
DA:208,0
DA:209,0
DA:210,0
DA:211,0
DA:225,0
DA:226,0
DA:227,0
DA:228,0
DA:229,0
DA:230,0
DA:234,1
DA:235,3
DA:237,3
DA:238,4
DA:239,4
DA:240,1
DA:243,1
DA:244,2
DA:247,1
DA:248,2
DA:251,1
DA:252,2
DA:255,1
DA:256,1
DA:257,1
DA:258,1
DA:259,3
DA:260,2
DA:261,3
DA:262,1
DA:263,0
DA:266,2
DA:267,2
DA:268,1
DA:269,1
DA:272,1
DA:273,2
DA:274,2
DA:275,2
DA:276,1
DA:279,1
DA:280,2
DA:281,1
DA:282,1
DA:283,2
DA:284,1
DA:286,1
DA:288,1
DA:292,0
DA:293,0
DA:294,0
DA:295,0
DA:297,0
DA:298,0
DA:299,0
DA:303,1
DA:304,3
DA:305,1
DA:306,4
DA:307,1
DA:308,2
DA:309,2
DA:313,0
DA:318,1
DA:319,4
DA:322,1
DA:323,4
DA:326,0
DA:327,0
DA:328,0
DA:329,0
DA:330,0
DA:331,0
DA:333,0
DA:334,0
DA:335,0
DA:336,0
DA:337,0
DA:338,0
DA:339,0
DA:346,1
DA:347,3
DA:348,1
DA:350,2
DA:352,1
DA:353,2
DA:354,1
DA:355,2
DA:358,0
DA:359,0
DA:360,0
DA:361,0
LF:182
LH:136
end_of_record
SF:lib/services/deportista_service.dart
DA:10,1
DA:11,1
DA:12,1
DA:13,1
DA:14,1
DA:16,2
DA:17,3
DA:20,0
LF:8
LH:7
end_of_record
SF:lib/services/entrenamiento_service.dart
DA:9,1
DA:10,1
DA:11,1
DA:12,1
DA:13,1
DA:16,2
DA:17,1
DA:18,2
DA:19,3
DA:24,0
DA:25,0
DA:29,1
DA:30,2
DA:32,1
DA:33,1
DA:34,1
DA:35,1
DA:37,2
DA:39,3
DA:40,1
DA:42,0
LF:21
LH:18
end_of_record
SF:lib/services/eventos_service.dart
DA:8,1
DA:9,1
DA:10,1
DA:11,1
DA:12,1
DA:15,2
DA:16,1
DA:17,5
DA:22,0
DA:23,0
DA:27,1
DA:28,2
DA:30,1
DA:31,1
DA:32,1
DA:33,1
DA:35,2
DA:36,3
DA:37,1
DA:39,0
LF:20
LH:17
end_of_record
SF:lib/services/exercises_service.dart
DA:8,1
DA:9,1
DA:10,1
DA:11,1
DA:12,1
DA:15,2
DA:16,1
DA:17,5
DA:22,0
DA:23,0
LF:10
LH:8
end_of_record
SF:lib/services/simulator_service.dart
DA:9,1
DA:10,1
DA:11,1
DA:13,1
DA:14,1
DA:15,1
DA:18,2
DA:19,3
DA:21,0
LF:9
LH:8
end_of_record
SF:lib/language_selector_view.dart
DA:8,1
DA:9,1
DA:13,1
DA:15,1
DA:16,1
DA:17,2
DA:18,1
DA:19,1
DA:21,2
DA:23,3
DA:24,1
DA:27,2
DA:28,1
DA:31,1
DA:32,0
DA:38,1
DA:39,3
DA:40,1
DA:42,3
LF:19
LH:18
end_of_record
SF:lib/schedule_deportologo.dart
DA:10,1
DA:12,1
DA:13,1
DA:20,1
DA:22,1
DA:23,1
DA:24,2
DA:25,1
DA:27,1
DA:28,1
DA:29,1
DA:30,0
DA:31,0
DA:33,1
DA:36,1
DA:43,1
DA:44,1
DA:46,1
DA:48,1
DA:49,3
DA:50,1
DA:53,1
DA:54,2
DA:55,1
DA:58,1
DA:59,1
DA:60,1
DA:62,1
DA:66,1
DA:67,1
DA:69,2
DA:70,1
DA:71,1
DA:74,1
DA:75,1
DA:79,1
DA:80,2
DA:81,1
DA:84,1
DA:85,1
DA:86,1
DA:88,1
DA:92,1
DA:93,1
DA:95,2
DA:96,1
DA:97,1
DA:98,1
DA:100,1
DA:101,1
DA:105,1
DA:106,1
DA:107,3
DA:108,1
DA:111,1
DA:115,0
DA:116,0
DA:119,1
DA:120,4
DA:121,0
DA:124,6
DA:126,0
DA:128,1
DA:133,1
DA:134,1
DA:135,1
DA:136,1
DA:137,1
DA:138,2
DA:139,2
DA:140,2
DA:141,3
DA:146,1
DA:147,1
DA:148,1
DA:149,1
DA:150,1
DA:151,1
DA:152,2
DA:154,1
DA:156,1
DA:157,1
DA:158,3
DA:159,1
DA:160,2
DA:161,1
DA:163,2
DA:166,1
DA:167,3
DA:168,0
DA:169,0
DA:170,0
DA:172,0
DA:180,0
DA:181,0
DA:182,0
DA:183,0
DA:184,0
DA:185,0
DA:186,0
DA:187,0
DA:188,0
DA:189,0
DA:190,0
DA:192,0
DA:200,1
DA:201,1
DA:202,0
DA:203,0
DA:204,0
DA:205,0
DA:206,0
DA:207,0
DA:208,0
DA:209,0
DA:210,0
DA:211,0
DA:213,0
DA:222,0
DA:223,0
DA:224,0
DA:225,0
DA:226,0
DA:227,0
DA:228,0
DA:229,0
DA:230,0
DA:231,0
DA:232,0
DA:234,0
LF:130
LH:85
end_of_record
SF:lib/training_plan_view.dart
DA:14,1
DA:16,1
DA:17,1
DA:21,1
DA:23,1
DA:24,1
DA:25,2
DA:26,1
DA:28,1
DA:29,1
DA:30,1
DA:31,0
DA:32,0
DA:34,1
DA:37,1
DA:42,1
DA:43,1
DA:44,1
DA:45,1
DA:47,1
DA:48,1
DA:55,1
DA:56,1
DA:58,1
DA:59,1
DA:61,1
DA:62,4
DA:64,1
DA:65,1
DA:66,1
DA:67,1
DA:68,2
DA:72,1
DA:73,1
DA:74,1
DA:75,1
DA:76,2
DA:80,1
DA:84,1
DA:85,1
DA:86,1
DA:87,1
DA:89,1
DA:90,1
DA:91,1
DA:93,1
DA:94,1
DA:95,1
DA:96,1
DA:104,2
DA:105,2
DA:107,1
DA:108,1
DA:109,1
DA:110,1
DA:111,1
DA:112,1
DA:117,0
DA:118,0
DA:119,0
DA:120,0
DA:124,0
DA:125,0
DA:126,0
DA:127,0
DA:131,1
DA:132,1
DA:133,1
DA:134,3
DA:138,0
DA:139,0
DA:142,1
DA:143,1
DA:144,1
DA:145,3
LF:75
LH:63
end_of_record
SF:lib/services/socios_service.dart
DA:7,1
DA:8,1
DA:9,1
DA:10,1
DA:11,1
DA:12,1
DA:13,1
DA:14,1
DA:15,1
DA:16,1
DA:19,2
DA:22,3
LF:12
LH:12
end_of_record
SF:lib/services/training_exercises_service.dart
DA:7,1
DA:9,1
DA:10,1
DA:11,1
DA:12,1
DA:13,1
DA:14,2
DA:15,3
DA:16,2
DA:17,3
DA:19,1
DA:20,1
DA:21,4
DA:22,1
DA:24,1
DA:25,1
DA:26,4
DA:27,1
DA:28,1
DA:32,1
DA:33,1
DA:34,1
DA:35,1
DA:36,1
DA:39,2
DA:44,3
LF:26
LH:26
end_of_record
SF:lib/strava_connected.dart
DA:15,1
DA:16,1
DA:20,1
DA:22,1
DA:23,1
DA:24,2
DA:25,1
DA:27,1
DA:28,1
DA:29,1
DA:30,0
DA:31,0
DA:33,1
DA:36,1
DA:41,1
DA:44,1
DA:45,1
DA:47,1
DA:48,1
DA:50,1
DA:53,1
DA:54,1
DA:63,3
DA:65,1
DA:69,0
DA:70,0
DA:73,0
DA:74,0
DA:75,0
DA:76,0
DA:80,0
DA:81,0
DA:82,0
DA:83,0
DA:85,0
DA:86,0
DA:87,0
DA:91,1
DA:92,2
DA:93,2
DA:94,2
DA:95,2
DA:96,2
DA:97,2
LF:44
LH:29
end_of_record
SF:lib/strava_connection.dart
DA:17,1
DA:18,1
DA:22,1
DA:24,1
DA:25,1
DA:26,2
DA:27,1
DA:29,1
DA:30,1
DA:31,1
DA:32,0
DA:33,0
DA:35,1
DA:38,1
DA:43,1
DA:46,1
DA:47,1
DA:49,1
DA:50,1
DA:52,1
DA:55,1
DA:56,1
DA:65,1
DA:66,1
DA:67,1
DA:68,1
DA:69,1
DA:70,1
DA:72,1
DA:74,1
DA:76,1
DA:86,1
DA:87,1
DA:88,0
DA:89,1
DA:91,1
DA:93,1
DA:105,1
DA:109,0
DA:110,0
DA:113,0
DA:114,0
DA:115,0
DA:116,0
DA:120,1
DA:121,1
DA:122,1
DA:123,1
DA:125,0
DA:126,0
DA:127,0
DA:128,0
DA:129,0
DA:130,0
DA:131,0
DA:132,0
LF:56
LH:39
end_of_record
SF:lib/training_exercises_view.dart
DA:14,1
DA:16,1
DA:17,1
DA:25,1
DA:27,3
DA:28,3
DA:30,1
DA:33,1
DA:35,1
DA:36,1
DA:37,2
DA:38,1
DA:40,1
DA:41,1
DA:42,1
DA:43,0
DA:44,0
DA:46,1
DA:49,1
DA:56,1
DA:57,1
DA:59,1
DA:60,1
DA:62,1
DA:63,3
DA:64,1
DA:66,1
DA:67,2
DA:68,1
DA:70,1
DA:72,1
DA:73,1
DA:75,1
DA:76,1
DA:77,1
DA:90,1
DA:91,1
DA:92,1
DA:94,1
DA:95,1
DA:99,1
DA:100,1
DA:102,2
DA:103,1
DA:104,1
DA:105,1
DA:107,1
DA:108,1
DA:112,2
DA:114,1
DA:115,1
DA:116,2
DA:117,1
DA:120,1
DA:124,1
DA:125,2
DA:126,1
DA:127,2
DA:129,4
DA:131,1
DA:134,1
DA:135,1
DA:136,0
DA:137,1
DA:140,1
DA:142,1
DA:143,1
DA:144,1
DA:145,1
DA:152,2
DA:153,2
DA:155,1
DA:156,2
DA:157,1
DA:159,2
DA:161,2
DA:162,4
DA:163,1
DA:166,1
DA:167,2
DA:168,0
DA:169,0
DA:170,0
DA:175,4
DA:176,1
DA:178,3
DA:179,2
DA:180,5
DA:189,0
DA:190,0
DA:193,0
DA:194,0
DA:195,0
DA:196,0
DA:200,1
DA:201,5
DA:202,1
DA:205,8
DA:206,2
DA:207,0
DA:210,1
DA:211,1
DA:212,6
DA:214,0
DA:216,1
DA:221,1
DA:222,1
DA:223,1
DA:224,1
DA:225,1
DA:226,2
DA:227,2
DA:228,2
DA:229,3
DA:234,0
DA:235,0
DA:236,0
DA:237,0
DA:238,0
DA:241,0
DA:242,0
DA:243,0
DA:244,0
DA:245,0
DA:255,1
DA:256,1
DA:257,1
DA:258,1
DA:259,1
DA:261,1
DA:262,1
DA:263,1
DA:264,1
DA:265,2
LF:134
LH:110
end_of_record
SF:lib/web_view.dart
DA:6,0
DA:7,0
DA:11,0
DA:13,0
DA:14,0
DA:15,0
DA:16,0
DA:17,0
DA:20,0
DA:21,0
DA:22,0
DA:23,0
DA:25,0
DA:26,0
DA:27,0
DA:28,0
DA:32,0
DA:35,0
DA:36,0
DA:37,0
DA:41,0
DA:42,0
LF:22
LH:0
end_of_record
